<?xml version="1.0" encoding="UTF-8"?>
<!-- Generated by org.testng.reporters.JUnitReportReporter -->
<testsuite hostname="DESKTOP-V7TEC23" failures="0" tests="1" name="co.amazon.test1.TC_page4" time="9.746" errors="0" timestamp="2020-11-25T16:33:30 GMT-08:00" skipped="0">
  <testcase classname="co.amazon.test1.TC_page4" name="shoppingCartValidation" time="9.746"/>
  <system-out/>
</testsuite> <!-- co.amazon.test1.TC_page4 -->
