<?xml version="1.0" encoding="UTF-8"?>
<!-- Generated by org.testng.reporters.JUnitReportReporter -->
<testsuite hostname="DESKTOP-V7TEC23" failures="0" tests="1" name="co.amazon.test1.testAmazon" time="74.690" errors="0" timestamp="2020-11-24T22:55:01 GMT-08:00" skipped="0">
  <testcase classname="co.amazon.test1.testAmazon" name="testCase" time="74.690"/>
  <system-out/>
</testsuite> <!-- co.amazon.test1.testAmazon -->
